# JRE version: OpenJDK Runtime Environment Temurin-11.0.12+7 (11.0.12+7) (build 11.0.12+7)
# Java VM: OpenJDK 64-Bit Server VM Temurin-11.0.12+7 (11.0.12+7, mixed mode, tiered, compressed oops, parallel gc, windows-amd64)
Heap:
 PSYoungGen      total 20480K, used 653K [0x00000000eab00000, 0x00000000ec280000, 0x0000000100000000)
  eden space 19968K, 3% used [0x00000000eab00000,0x00000000eaba37f0,0x00000000ebe80000)
  from space 512K, 0% used [0x00000000ebf00000,0x00000000ebf00000,0x00000000ebf80000)
  to   space 1536K, 0% used [0x00000000ec100000,0x00000000ec100000,0x00000000ec280000)
 ParOldGen       total 68608K, used 34287K [0x00000000c0000000, 0x00000000c4300000, 0x00000000eab00000)
  object space 68608K, 49% used [0x00000000c0000000,0x00000000c217bf98,0x00000000c4300000)
 Metaspace       used 56219K, capacity 58861K, committed 59136K, reserved 1101824K
  class space    used 5716K, capacity 6684K, committed 6784K, reserved 1048576K
GC Heap History (20 events):
Event: 2.765 GC heap before
{Heap before GC invocations=11 (full 2):
 PSYoungGen      total 26624K, used 26594K [0x00000000eab00000, 0x00000000ed280000, 0x0000000100000000)
  eden space 19968K, 100% used [0x00000000eab00000,0x00000000ebe80000,0x00000000ebe80000)
  from space 6656K, 99% used [0x00000000ec780000,0x00000000ecdf8b48,0x00000000ece00000)
  to   space 9216K, 0% used [0x00000000ebe80000,0x00000000ebe80000,0x00000000ec780000)
 ParOldGen       total 68608K, used 16112K [0x00000000c0000000, 0x00000000c4300000, 0x00000000eab00000)
  object space 68608K, 23% used [0x00000000c0000000,0x00000000c0fbc2b8,0x00000000c4300000)
 Metaspace       used 40038K, capacity 42311K, committed 42624K, reserved 1087488K
  class space    used 4081K, capacity 4918K, committed 4992K, reserved 1048576K
}
Event: 2.768 GC heap after
{Heap after GC invocations=11 (full 2):
 PSYoungGen      total 26112K, used 6098K [0x00000000eab00000, 0x00000000ecc80000, 0x0000000100000000)
  eden space 19968K, 0% used [0x00000000eab00000,0x00000000eab00000,0x00000000ebe80000)
  from space 6144K, 99% used [0x00000000ebe80000,0x00000000ec474b38,0x00000000ec480000)
  to   space 7168K, 0% used [0x00000000ec580000,0x00000000ec580000,0x00000000ecc80000)
 ParOldGen       total 68608K, used 18671K [0x00000000c0000000, 0x00000000c4300000, 0x00000000eab00000)
  object space 68608K, 27% used [0x00000000c0000000,0x00000000c123bda0,0x00000000c4300000)
 Metaspace       used 40038K, capacity 42311K, committed 42624K, reserved 1087488K
  class space    used 4081K, capacity 4918K, committed 4992K, reserved 1048576K
}
Event: 2.785 GC heap before
{Heap before GC invocations=12 (full 2):
 PSYoungGen      total 26112K, used 26065K [0x00000000eab00000, 0x00000000ecc80000, 0x0000000100000000)
  eden space 19968K, 99% used [0x00000000eab00000,0x00000000ebe7f938,0x00000000ebe80000)
  from space 6144K, 99% used [0x00000000ebe80000,0x00000000ec474b38,0x00000000ec480000)
  to   space 7168K, 0% used [0x00000000ec580000,0x00000000ec580000,0x00000000ecc80000)
 ParOldGen       total 68608K, used 18671K [0x00000000c0000000, 0x00000000c4300000, 0x00000000eab00000)
  object space 68608K, 27% used [0x00000000c0000000,0x00000000c123bda0,0x00000000c4300000)
 Metaspace       used 40383K, capacity 42695K, committed 42880K, reserved 1087488K
  class space    used 4128K, capacity 4982K, committed 4992K, reserved 1048576K
}
Event: 2.788 GC heap after
{Heap after GC invocations=12 (full 2):
 PSYoungGen      total 24576K, used 4192K [0x00000000eab00000, 0x00000000eca00000, 0x0000000100000000)
  eden space 19968K, 0% used [0x00000000eab00000,0x00000000eab00000,0x00000000ebe80000)
  from space 4608K, 90% used [0x00000000ec580000,0x00000000ec998010,0x00000000eca00000)
  to   space 5120K, 0% used [0x00000000ec000000,0x00000000ec000000,0x00000000ec500000)
 ParOldGen       total 68608K, used 22695K [0x00000000c0000000, 0x00000000c4300000, 0x00000000eab00000)
  object space 68608K, 33% used [0x00000000c0000000,0x00000000c1629c20,0x00000000c4300000)
 Metaspace       used 40383K, capacity 42695K, committed 42880K, reserved 1087488K
  class space    used 4128K, capacity 4982K, committed 4992K, reserved 1048576K
}
Event: 2.803 GC heap before
{Heap before GC invocations=13 (full 2):
 PSYoungGen      total 24576K, used 24160K [0x00000000eab00000, 0x00000000eca00000, 0x0000000100000000)
  eden space 19968K, 100% used [0x00000000eab00000,0x00000000ebe80000,0x00000000ebe80000)
  from space 4608K, 90% used [0x00000000ec580000,0x00000000ec998010,0x00000000eca00000)
  to   space 5120K, 0% used [0x00000000ec000000,0x00000000ec000000,0x00000000ec500000)
 ParOldGen       total 68608K, used 22695K [0x00000000c0000000, 0x00000000c4300000, 0x00000000eab00000)
  object space 68608K, 33% used [0x00000000c0000000,0x00000000c1629c20,0x00000000c4300000)
 Metaspace       used 40646K, capacity 43000K, committed 43264K, reserved 1087488K
  class space    used 4165K, capacity 5020K, committed 5120K, reserved 1048576K
}
Event: 2.807 GC heap after
{Heap after GC invocations=13 (full 2):
 PSYoungGen      total 22016K, used 1888K [0x00000000eab00000, 0x00000000ec600000, 0x0000000100000000)
  eden space 19968K, 0% used [0x00000000eab00000,0x00000000eab00000,0x00000000ebe80000)
  from space 2048K, 92% used [0x00000000ec000000,0x00000000ec1d8000,0x00000000ec200000)
  to   space 3072K, 0% used [0x00000000ec300000,0x00000000ec300000,0x00000000ec600000)
 ParOldGen       total 68608K, used 26757K [0x00000000c0000000, 0x00000000c4300000, 0x00000000eab00000)
  object space 68608K, 39% used [0x00000000c0000000,0x00000000c1a214b0,0x00000000c4300000)
 Metaspace       used 40646K, capacity 43000K, committed 43264K, reserved 1087488K
  class space    used 4165K, capacity 5020K, committed 5120K, reserved 1048576K
}
Event: 2.891 GC heap before
{Heap before GC invocations=14 (full 2):
 PSYoungGen      total 22016K, used 21856K [0x00000000eab00000, 0x00000000ec600000, 0x0000000100000000)
  eden space 19968K, 100% used [0x00000000eab00000,0x00000000ebe80000,0x00000000ebe80000)
  from space 2048K, 92% used [0x00000000ec000000,0x00000000ec1d8000,0x00000000ec200000)
  to   space 3072K, 0% used [0x00000000ec300000,0x00000000ec300000,0x00000000ec600000)
 ParOldGen       total 68608K, used 26757K [0x00000000c0000000, 0x00000000c4300000, 0x00000000eab00000)
  object space 68608K, 39% used [0x00000000c0000000,0x00000000c1a214b0,0x00000000c4300000)
 Metaspace       used 42418K, capacity 44736K, committed 44928K, reserved 1089536K
  class space    used 4322K, capacity 5190K, committed 5248K, reserved 1048576K
}
Event: 2.893 GC heap after
{Heap after GC invocations=14 (full 2):
 PSYoungGen      total 22528K, used 2233K [0x00000000eab00000, 0x00000000ec580000, 0x0000000100000000)
  eden space 19968K, 0% used [0x00000000eab00000,0x00000000eab00000,0x00000000ebe80000)
  from space 2560K, 87% used [0x00000000ec300000,0x00000000ec52e5b8,0x00000000ec580000)
  to   space 2560K, 0% used [0x00000000ec080000,0x00000000ec080000,0x00000000ec300000)
 ParOldGen       total 68608K, used 28573K [0x00000000c0000000, 0x00000000c4300000, 0x00000000eab00000)
  object space 68608K, 41% used [0x00000000c0000000,0x00000000c1be74b0,0x00000000c4300000)
 Metaspace       used 42418K, capacity 44736K, committed 44928K, reserved 1089536K
  class space    used 4322K, capacity 5190K, committed 5248K, reserved 1048576K
}
Event: 3.055 GC heap before
{Heap before GC invocations=15 (full 2):
 PSYoungGen      total 22528K, used 22201K [0x00000000eab00000, 0x00000000ec580000, 0x0000000100000000)
  eden space 19968K, 100% used [0x00000000eab00000,0x00000000ebe80000,0x00000000ebe80000)
  from space 2560K, 87% used [0x00000000ec300000,0x00000000ec52e5b8,0x00000000ec580000)
  to   space 2560K, 0% used [0x00000000ec080000,0x00000000ec080000,0x00000000ec300000)
 ParOldGen       total 68608K, used 28573K [0x00000000c0000000, 0x00000000c4300000, 0x00000000eab00000)
  object space 68608K, 41% used [0x00000000c0000000,0x00000000c1be74b0,0x00000000c4300000)
 Metaspace       used 48253K, capacity 50762K, committed 50944K, reserved 1093632K
  class space    used 4946K, capacity 5852K, committed 5888K, reserved 1048576K
}
Event: 3.057 GC heap after
{Heap after GC invocations=15 (full 2):
 PSYoungGen      total 21504K, used 1376K [0x00000000eab00000, 0x00000000ec380000, 0x0000000100000000)
  eden space 19968K, 0% used [0x00000000eab00000,0x00000000eab00000,0x00000000ebe80000)
  from space 1536K, 89% used [0x00000000ec080000,0x00000000ec1d8000,0x00000000ec200000)
  to   space 1536K, 0% used [0x00000000ec200000,0x00000000ec200000,0x00000000ec380000)
 ParOldGen       total 68608K, used 30656K [0x00000000c0000000, 0x00000000c4300000, 0x00000000eab00000)
  object space 68608K, 44% used [0x00000000c0000000,0x00000000c1df0188,0x00000000c4300000)
 Metaspace       used 48253K, capacity 50762K, committed 50944K, reserved 1093632K
  class space    used 4946K, capacity 5852K, committed 5888K, reserved 1048576K
}
Event: 3.222 GC heap before
{Heap before GC invocations=16 (full 2):
 PSYoungGen      total 21504K, used 21344K [0x00000000eab00000, 0x00000000ec380000, 0x0000000100000000)
  eden space 19968K, 100% used [0x00000000eab00000,0x00000000ebe80000,0x00000000ebe80000)
  from space 1536K, 89% used [0x00000000ec080000,0x00000000ec1d8000,0x00000000ec200000)
  to   space 1536K, 0% used [0x00000000ec200000,0x00000000ec200000,0x00000000ec380000)
 ParOldGen       total 68608K, used 30656K [0x00000000c0000000, 0x00000000c4300000, 0x00000000eab00000)
  object space 68608K, 44% used [0x00000000c0000000,0x00000000c1df0188,0x00000000c4300000)
 Metaspace       used 50965K, capacity 53431K, committed 53632K, reserved 1097728K
  class space    used 5268K, capacity 6177K, committed 6272K, reserved 1048576K
}
Event: 3.224 GC heap after
{Heap after GC invocations=16 (full 2):
 PSYoungGen      total 21504K, used 1408K [0x00000000eab00000, 0x00000000ec380000, 0x0000000100000000)
  eden space 19968K, 0% used [0x00000000eab00000,0x00000000eab00000,0x00000000ebe80000)
  from space 1536K, 91% used [0x00000000ec200000,0x00000000ec360000,0x00000000ec380000)
  to   space 1536K, 0% used [0x00000000ec080000,0x00000000ec080000,0x00000000ec200000)
 ParOldGen       total 68608K, used 31899K [0x00000000c0000000, 0x00000000c4300000, 0x00000000eab00000)
  object space 68608K, 46% used [0x00000000c0000000,0x00000000c1f26e68,0x00000000c4300000)
 Metaspace       used 50965K, capacity 53431K, committed 53632K, reserved 1097728K
  class space    used 5268K, capacity 6177K, committed 6272K, reserved 1048576K
}
Event: 3.473 GC heap before
{Heap before GC invocations=17 (full 2):
 PSYoungGen      total 21504K, used 21376K [0x00000000eab00000, 0x00000000ec380000, 0x0000000100000000)
  eden space 19968K, 100% used [0x00000000eab00000,0x00000000ebe80000,0x00000000ebe80000)
  from space 1536K, 91% used [0x00000000ec200000,0x00000000ec360000,0x00000000ec380000)
  to   space 1536K, 0% used [0x00000000ec080000,0x00000000ec080000,0x00000000ec200000)
 ParOldGen       total 68608K, used 31899K [0x00000000c0000000, 0x00000000c4300000, 0x00000000eab00000)
  object space 68608K, 46% used [0x00000000c0000000,0x00000000c1f26e68,0x00000000c4300000)
 Metaspace       used 53189K, capacity 55621K, committed 55808K, reserved 1099776K
  class space    used 5439K, capacity 6334K, committed 6400K, reserved 1048576K
}
Event: 3.474 GC heap after
{Heap after GC invocations=17 (full 2):
 PSYoungGen      total 21504K, used 1519K [0x00000000eab00000, 0x00000000ec580000, 0x0000000100000000)
  eden space 19968K, 0% used [0x00000000eab00000,0x00000000eab00000,0x00000000ebe80000)
  from space 1536K, 98% used [0x00000000ec080000,0x00000000ec1fbd00,0x00000000ec200000)
  to   space 3584K, 0% used [0x00000000ec200000,0x00000000ec200000,0x00000000ec580000)
 ParOldGen       total 68608K, used 33260K [0x00000000c0000000, 0x00000000c4300000, 0x00000000eab00000)
  object space 68608K, 48% used [0x00000000c0000000,0x00000000c207b190,0x00000000c4300000)
 Metaspace       used 53189K, capacity 55621K, committed 55808K, reserved 1099776K
  class space    used 5439K, capacity 6334K, committed 6400K, reserved 1048576K
}
Event: 3.698 GC heap before
{Heap before GC invocations=18 (full 2):
 PSYoungGen      total 21504K, used 21487K [0x00000000eab00000, 0x00000000ec580000, 0x0000000100000000)
  eden space 19968K, 100% used [0x00000000eab00000,0x00000000ebe80000,0x00000000ebe80000)
  from space 1536K, 98% used [0x00000000ec080000,0x00000000ec1fbd00,0x00000000ec200000)
  to   space 3584K, 0% used [0x00000000ec200000,0x00000000ec200000,0x00000000ec580000)
 ParOldGen       total 68608K, used 33260K [0x00000000c0000000, 0x00000000c4300000, 0x00000000eab00000)
  object space 68608K, 48% used [0x00000000c0000000,0x00000000c207b190,0x00000000c4300000)
 Metaspace       used 56136K, capacity 58733K, committed 58880K, reserved 1101824K
  class space    used 5712K, capacity 6684K, committed 6784K, reserved 1048576K
}
Event: 3.701 GC heap after
{Heap after GC invocations=18 (full 2):
 PSYoungGen      total 23040K, used 2878K [0x00000000eab00000, 0x00000000ec500000, 0x0000000100000000)
  eden space 19968K, 0% used [0x00000000eab00000,0x00000000eab00000,0x00000000ebe80000)
  from space 3072K, 93% used [0x00000000ec200000,0x00000000ec4cfa48,0x00000000ec500000)
  to   space 3072K, 0% used [0x00000000ebf00000,0x00000000ebf00000,0x00000000ec200000)
 ParOldGen       total 68608K, used 35189K [0x00000000c0000000, 0x00000000c4300000, 0x00000000eab00000)
  object space 68608K, 51% used [0x00000000c0000000,0x00000000c225d630,0x00000000c4300000)
 Metaspace       used 56136K, capacity 58733K, committed 58880K, reserved 1101824K
  class space    used 5712K, capacity 6684K, committed 6784K, reserved 1048576K
}
Event: 3.702 GC heap before
{Heap before GC invocations=19 (full 2):
 PSYoungGen      total 23040K, used 2955K [0x00000000eab00000, 0x00000000ec500000, 0x0000000100000000)
  eden space 19968K, 0% used [0x00000000eab00000,0x00000000eab132f8,0x00000000ebe80000)
  from space 3072K, 93% used [0x00000000ec200000,0x00000000ec4cfa48,0x00000000ec500000)
  to   space 3072K, 0% used [0x00000000ebf00000,0x00000000ebf00000,0x00000000ec200000)
 ParOldGen       total 68608K, used 35189K [0x00000000c0000000, 0x00000000c4300000, 0x00000000eab00000)
  object space 68608K, 51% used [0x00000000c0000000,0x00000000c225d630,0x00000000c4300000)
 Metaspace       used 56137K, capacity 58733K, committed 58880K, reserved 1101824K
  class space    used 5712K, capacity 6684K, committed 6784K, reserved 1048576K
}
Event: 3.703 GC heap after
{Heap after GC invocations=19 (full 2):
 PSYoungGen      total 20480K, used 64K [0x00000000eab00000, 0x00000000ec280000, 0x0000000100000000)
  eden space 19968K, 0% used [0x00000000eab00000,0x00000000eab00000,0x00000000ebe80000)
  from space 512K, 12% used [0x00000000ebf00000,0x00000000ebf10000,0x00000000ebf80000)
  to   space 1536K, 0% used [0x00000000ec100000,0x00000000ec100000,0x00000000ec280000)
 ParOldGen       total 68608K, used 37948K [0x00000000c0000000, 0x00000000c4300000, 0x00000000eab00000)
  object space 68608K, 55% used [0x00000000c0000000,0x00000000c250f170,0x00000000c4300000)
 Metaspace       used 56137K, capacity 58733K, committed 58880K, reserved 1101824K
  class space    used 5712K, capacity 6684K, committed 6784K, reserved 1048576K
}
Event: 3.703 GC heap before
{Heap before GC invocations=20 (full 3):
 PSYoungGen      total 20480K, used 64K [0x00000000eab00000, 0x00000000ec280000, 0x0000000100000000)
  eden space 19968K, 0% used [0x00000000eab00000,0x00000000eab00000,0x00000000ebe80000)
  from space 512K, 12% used [0x00000000ebf00000,0x00000000ebf10000,0x00000000ebf80000)
  to   space 1536K, 0% used [0x00000000ec100000,0x00000000ec100000,0x00000000ec280000)
 ParOldGen       total 68608K, used 37948K [0x00000000c0000000, 0x00000000c4300000, 0x00000000eab00000)
  object space 68608K, 55% used [0x00000000c0000000,0x00000000c250f170,0x00000000c4300000)
 Metaspace       used 56137K, capacity 58733K, committed 58880K, reserved 1101824K
  class space    used 5712K, capacity 6684K, committed 6784K, reserved 1048576K
}
Event: 3.824 GC heap after
{Heap after GC invocations=20 (full 3):
 PSYoungGen      total 20480K, used 0K [0x00000000eab00000, 0x00000000ec280000, 0x0000000100000000)
  eden space 19968K, 0% used [0x00000000eab00000,0x00000000eab00000,0x00000000ebe80000)
  from space 512K, 0% used [0x00000000ebf00000,0x00000000ebf00000,0x00000000ebf80000)
  to   space 1536K, 0% used [0x00000000ec100000,0x00000000ec100000,0x00000000ec280000)
 ParOldGen       total 68608K, used 34287K [0x00000000c0000000, 0x00000000c4300000, 0x00000000eab00000)
  object space 68608K, 49% used [0x00000000c0000000,0x00000000c217bf98,0x00000000c4300000)
 Metaspace       used 56137K, capacity 58733K, committed 58880K, reserved 1101824K
  class space    used 5712K, capacity 6684K, committed 6784K, reserved 1048576K
}

